kotlin version: 2.0.21
error message: org.jetbrains.kotlin.backend.common.BackendException: Backend Internal error: Exception during IR lowering
File being compiled: C:/Coder/Onu/feature/profile/impl/src/main/java/com/example/impl/bottom_sheet_profile.kt
The root cause java.lang.RuntimeException was thrown at: org.jetbrains.kotlin.backend.jvm.codegen.FunctionCodegen.generate(FunctionCodegen.kt:47)
	at org.jetbrains.kotlin.backend.common.CodegenUtil.reportBackendException(CodegenUtil.kt:253)
	at org.jetbrains.kotlin.backend.common.CodegenUtil.reportBackendException$default(CodegenUtil.kt:236)
	at org.jetbrains.kotlin.backend.common.phaser.PerformByIrFilePhase.invokeSequential(performByIrFile.kt:65)
	at org.jetbrains.kotlin.backend.common.phaser.PerformByIrFilePhase.invoke(performByIrFile.kt:52)
	at org.jetbrains.kotlin.backend.common.phaser.PerformByIrFilePhase.invoke(performByIrFile.kt:38)
	at org.jetbrains.kotlin.backend.common.phaser.NamedCompilerPhase.phaseBody(CompilerPhase.kt:166)
	at org.jetbrains.kotlin.backend.common.phaser.AbstractNamedCompilerPhase.invoke(CompilerPhase.kt:113)
	at org.jetbrains.kotlin.backend.common.phaser.CompositePhase.invoke(PhaseBuilders.kt:27)
	at org.jetbrains.kotlin.backend.common.phaser.CompositePhase.invoke(PhaseBuilders.kt:14)
	at org.jetbrains.kotlin.backend.common.phaser.NamedCompilerPhase.phaseBody(CompilerPhase.kt:166)
	at org.jetbrains.kotlin.backend.common.phaser.AbstractNamedCompilerPhase.invoke(CompilerPhase.kt:113)
	at org.jetbrains.kotlin.backend.common.phaser.CompilerPhaseKt.invokeToplevel(CompilerPhase.kt:62)
	at org.jetbrains.kotlin.backend.jvm.JvmIrCodegenFactory.invokeCodegen(JvmIrCodegenFactory.kt:371)
	at org.jetbrains.kotlin.codegen.CodegenFactory.generateModule(CodegenFactory.kt:47)
	at org.jetbrains.kotlin.backend.jvm.JvmIrCodegenFactory.generateModuleInFrontendIRMode(JvmIrCodegenFactory.kt:433)
	at org.jetbrains.kotlin.cli.jvm.compiler.pipeline.JvmCompilerPipelineKt.generateCodeFromIr(jvmCompilerPipeline.kt:246)
	at org.jetbrains.kotlin.cli.jvm.compiler.pipeline.JvmCompilerPipelineKt.compileModulesUsingFrontendIrAndLightTree(jvmCompilerPipeline.kt:142)
	at org.jetbrains.kotlin.cli.jvm.K2JVMCompiler.doExecute(K2JVMCompiler.kt:148)
	at org.jetbrains.kotlin.cli.jvm.K2JVMCompiler.doExecute(K2JVMCompiler.kt:43)
	at org.jetbrains.kotlin.cli.common.CLICompiler.execImpl(CLICompiler.kt:103)
	at org.jetbrains.kotlin.cli.common.CLICompiler.execImpl(CLICompiler.kt:49)
	at org.jetbrains.kotlin.cli.common.CLITool.exec(CLITool.kt:101)
	at org.jetbrains.kotlin.incremental.IncrementalJvmCompilerRunner.runCompiler(IncrementalJvmCompilerRunner.kt:464)
	at org.jetbrains.kotlin.incremental.IncrementalJvmCompilerRunner.runCompiler(IncrementalJvmCompilerRunner.kt:73)
	at org.jetbrains.kotlin.incremental.IncrementalCompilerRunner.doCompile(IncrementalCompilerRunner.kt:506)
	at org.jetbrains.kotlin.incremental.IncrementalCompilerRunner.compileImpl(IncrementalCompilerRunner.kt:423)
	at org.jetbrains.kotlin.incremental.IncrementalCompilerRunner.compileNonIncrementally(IncrementalCompilerRunner.kt:301)
	at org.jetbrains.kotlin.incremental.IncrementalCompilerRunner.compile(IncrementalCompilerRunner.kt:129)
	at org.jetbrains.kotlin.daemon.CompileServiceImplBase.execIncrementalCompiler(CompileServiceImpl.kt:675)
	at org.jetbrains.kotlin.daemon.CompileServiceImplBase.access$execIncrementalCompiler(CompileServiceImpl.kt:92)
	at org.jetbrains.kotlin.daemon.CompileServiceImpl.compile(CompileServiceImpl.kt:1660)
	at jdk.internal.reflect.GeneratedMethodAccessor24.invoke(Unknown Source)
	at java.base/jdk.internal.reflect.DelegatingMethodAccessorImpl.invoke(DelegatingMethodAccessorImpl.java:43)
	at java.base/java.lang.reflect.Method.invoke(Method.java:568)
	at java.rmi/sun.rmi.server.UnicastServerRef.dispatch(UnicastServerRef.java:360)
	at java.rmi/sun.rmi.transport.Transport$1.run(Transport.java:200)
	at java.rmi/sun.rmi.transport.Transport$1.run(Transport.java:197)
	at java.base/java.security.AccessController.doPrivileged(AccessController.java:712)
	at java.rmi/sun.rmi.transport.Transport.serviceCall(Transport.java:196)
	at java.rmi/sun.rmi.transport.tcp.TCPTransport.handleMessages(TCPTransport.java:587)
	at java.rmi/sun.rmi.transport.tcp.TCPTransport$ConnectionHandler.run0(TCPTransport.java:828)
	at java.rmi/sun.rmi.transport.tcp.TCPTransport$ConnectionHandler.lambda$run$0(TCPTransport.java:705)
	at java.base/java.security.AccessController.doPrivileged(AccessController.java:399)
	at java.rmi/sun.rmi.transport.tcp.TCPTransport$ConnectionHandler.run(TCPTransport.java:704)
	at java.base/java.util.concurrent.ThreadPoolExecutor.runWorker(ThreadPoolExecutor.java:1136)
	at java.base/java.util.concurrent.ThreadPoolExecutor$Worker.run(ThreadPoolExecutor.java:635)
	at java.base/java.lang.Thread.run(Thread.java:833)
Caused by: java.lang.RuntimeException: Exception while generating code for:
FUN name:bottom_sheet_profile visibility:public modality:FINAL <> (sheetState:androidx.compose.material3.SheetState, builderController:androidx.navigation.NavHostController, mainController:androidx.navigation.NavHostController, showBottomSheet:kotlin.Boolean, onUpClickBottomSheet:kotlin.Function0<kotlin.Unit>) returnType:kotlin.Unit
  annotations:
    OptIn(markerClass = [CLASS_REFERENCE 'CLASS IR_EXTERNAL_DECLARATION_STUB ANNOTATION_CLASS name:ExperimentalMaterial3Api modality:OPEN visibility:public superTypes:[kotlin.Annotation]' type=kotlin.reflect.KClass<androidx.compose.material3.ExperimentalMaterial3Api>])
    Composable
  VALUE_PARAMETER name:sheetState index:0 type:androidx.compose.material3.SheetState
  VALUE_PARAMETER name:builderController index:1 type:androidx.navigation.NavHostController
  VALUE_PARAMETER name:mainController index:2 type:androidx.navigation.NavHostController
  VALUE_PARAMETER name:showBottomSheet index:3 type:kotlin.Boolean
  VALUE_PARAMETER name:onUpClickBottomSheet index:4 type:kotlin.Function0<kotlin.Unit>
  BLOCK_BODY
    VAR name:state type:androidx.compose.foundation.lazy.LazyListState [val]
      CALL 'public final fun rememberLazyListState$default (initialFirstVisibleItemIndex: kotlin.Int, initialFirstVisibleItemScrollOffset: kotlin.Int, $mask0: kotlin.Int, $handler: kotlin.Any?): androidx.compose.foundation.lazy.LazyListState declared in androidx.compose.foundation.lazy.LazyListStateKt' type=androidx.compose.foundation.lazy.LazyListState origin=DEFAULT_DISPATCH_CALL
        initialFirstVisibleItemIndex: COMPOSITE type=kotlin.Int origin=DEFAULT_VALUE
          CONST Int type=kotlin.Int value=0
        initialFirstVisibleItemScrollOffset: COMPOSITE type=kotlin.Int origin=DEFAULT_VALUE
          CONST Int type=kotlin.Int value=0
        $mask0: CONST Int type=kotlin.Int value=3
        $handler: CONST Null type=kotlin.Any? value=null
    VAR name:sheetSetting type:androidx.compose.material3.SheetState [val]
      CALL 'public final fun rememberModalBottomSheetState$default (skipPartiallyExpanded: kotlin.Boolean, confirmValueChange: kotlin.Function1<androidx.compose.material3.SheetValue, kotlin.Boolean>?, $mask0: kotlin.Int, $handler: kotlin.Any?): androidx.compose.material3.SheetState declared in androidx.compose.material3.ModalBottomSheetKt' type=androidx.compose.material3.SheetState origin=DEFAULT_DISPATCH_CALL
        skipPartiallyExpanded: CONST Boolean type=kotlin.Boolean value=true
        confirmValueChange: COMPOSITE type=kotlin.Function1<androidx.compose.material3.SheetValue, kotlin.Boolean>? origin=DEFAULT_VALUE
          CONST Null type=kotlin.Function1<androidx.compose.material3.SheetValue, kotlin.Boolean>? value=null
        $mask0: CONST Int type=kotlin.Int value=2
        $handler: CONST Null type=kotlin.Any? value=null
    VAR PROPERTY_DELEGATE name:showSetting$delegate type:androidx.compose.runtime.MutableState<kotlin.Boolean> [val]
      CALL 'public final fun remember <T> (calculation: @[DisallowComposableCalls] kotlin.Function0<T of androidx.compose.runtime.ComposablesKt.remember>): T of androidx.compose.runtime.ComposablesKt.remember [inline] declared in androidx.compose.runtime.ComposablesKt' type=androidx.compose.runtime.MutableState<kotlin.Boolean> origin=null
        <T>: androidx.compose.runtime.MutableState<kotlin.Boolean>
        calculation: BLOCK type=kotlin.Function0<androidx.compose.runtime.MutableState<kotlin.Boolean>> origin=LAMBDA
          COMPOSITE type=kotlin.Unit origin=null
          FUNCTION_REFERENCE 'private final fun bottom_sheet_profile$lambda$0 (): androidx.compose.runtime.MutableState<kotlin.Boolean> declared in com.example.impl.Bottom_sheet_profileKt' type=kotlin.Function0<androidx.compose.runtime.MutableState<kotlin.Boolean>> origin=INLINE_LAMBDA reflectionTarget=null
    WHEN type=kotlin.Unit origin=IF
      BRANCH
        if: GET_VAR 'showBottomSheet: kotlin.Boolean declared in com.example.impl.Bottom_sheet_profileKt.bottom_sheet_profile' type=kotlin.Boolean origin=null
        then: BLOCK type=kotlin.Unit origin=null
          CALL 'public final fun ModalBottomSheet-N5NI-dU$default (onDismissRequest: kotlin.Function0<kotlin.Unit>, modifier: androidx.compose.ui.Modifier?, sheetState: androidx.compose.material3.SheetState?, sheetMaxWidth: androidx.compose.ui.unit.Dp, shape: androidx.compose.ui.graphics.Shape?, containerColor: androidx.compose.ui.graphics.Color, contentColor: androidx.compose.ui.graphics.Color, tonalElevation: androidx.compose.ui.unit.Dp, scrimColor: androidx.compose.ui.graphics.Color, dragHandle: @[Composable] kotlin.Function0<kotlin.Unit>?, contentWindowInsets: @[Composable] kotlin.Function0<androidx.compose.foundation.layout.WindowInsets>?, properties: androidx.compose.material3.ModalBottomSheetProperties?, content: @[Composable] @[ExtensionFunctionType] kotlin.Function1<androidx.compose.foundation.layout.ColumnScope, kotlin.Unit>, $mask0: kotlin.Int, $handler: kotlin.Any?): kotlin.Unit declared in androidx.compose.material3.ModalBottomSheetKt' type=kotlin.Unit origin=DEFAULT_DISPATCH_CALL
            onDismissRequest: BLOCK type=kotlin.Function0<kotlin.Unit> origin=LAMBDA
              COMPOSITE type=kotlin.Unit origin=null
              CALL 'public final fun <jvm-indy> <T> (dynamicCall: T of kotlin.jvm.internal.<jvm-indy>, bootstrapMethodHandle: kotlin.Any, vararg bootstrapMethodArguments: kotlin.Any): T of kotlin.jvm.internal.<jvm-indy> declared in kotlin.jvm.internal' type=kotlin.Function0<kotlin.Unit> origin=null
                <T>: kotlin.Function0<kotlin.Unit>
                dynamicCall: CALL 'public final fun invoke (p0: kotlin.Function0<kotlin.Unit>): kotlin.Function0<kotlin.Unit> declared in kotlin.jvm.internal.invokeDynamic' type=kotlin.Function0<kotlin.Unit> origin=null
                  p0: GET_VAR 'onUpClickBottomSheet: kotlin.Function0<kotlin.Unit> declared in com.example.impl.Bottom_sheet_profileKt.bottom_sheet_profile' type=kotlin.Function0<kotlin.Unit> origin=null
                bootstrapMethodHandle: CALL 'public final fun <jvm-method-handle> (tag: kotlin.Int, owner: kotlin.String, name: kotlin.String, descriptor: kotlin.String, isInterface: kotlin.Boolean): kotlin.Any declared in kotlin.jvm.internal' type=kotlin.Any origin=null
                  tag: CONST Int type=kotlin.Int value=6
                  owner: CONST String type=kotlin.String value="java/lang/invoke/LambdaMetafactory"
                  name: CONST String type=kotlin.String value="metafactory"
                  descriptor: CONST String type=kotlin.String value="(Ljava/lang/invoke/MethodHandles$Lookup;Ljava/lang/String;Ljava/lang/invoke/MethodType;Ljava/lang/invoke/MethodType;Ljava/lang/invoke/MethodHandle;Ljava/lang/invoke/MethodType;)Ljava/lang/invoke/CallSite;"
                  isInterface: CONST Boolean type=kotlin.Boolean value=false
                bootstrapMethodArguments: VARARG type=kotlin.Array<kotlin.Any> varargElementType=kotlin.Any
                  CALL 'public final fun <jvm-original-method-type> (method: kotlin.Any): kotlin.Any declared in kotlin.jvm.internal' type=kotlin.Any origin=null
                    method: RAW_FUNCTION_REFERENCE 'public abstract fun invoke (): R of kotlin.Function0 [operator] declared in kotlin.Function0' type=kotlin.Any
                  RAW_FUNCTION_REFERENCE 'private final fun bottom_sheet_profile$lambda$3 ($onUpClickBottomSheet: kotlin.Function0<kotlin.Unit>): kotlin.Unit? declared in com.example.impl.Bottom_sheet_profileKt' type=kotlin.Any
                  CALL 'public final fun <jvm-original-method-type> (method: kotlin.Any): kotlin.Any declared in kotlin.jvm.internal' type=kotlin.Any origin=null
                    method: RAW_FUNCTION_REFERENCE 'public abstract fun invoke (): kotlin.Unit? [fake_override,operator] declared in kotlin.jvm.internal.invokeDynamic.<fake>' type=kotlin.Any
            modifier: COMPOSITE type=androidx.compose.ui.Modifier? origin=DEFAULT_VALUE
              CONST Null type=androidx.compose.ui.Modifier? value=null
            sheetState: GET_VAR 'sheetState: androidx.compose.material3.SheetState declared in com.example.impl.Bottom_sheet_profileKt.bottom_sheet_profile' type=androidx.compose.material3.SheetState origin=null
            sheetMaxWidth: COMPOSITE type=androidx.compose.ui.unit.Dp origin=DEFAULT_VALUE
              CALL 'public final fun <unsafe-coerce> <T, R> (v: T of kotlin.jvm.internal.<unsafe-coerce>): R of kotlin.jvm.internal.<unsafe-coerce> declared in kotlin.jvm.internal' type=androidx.compose.ui.unit.Dp origin=null
                <T>: kotlin.Float
                <R>: androidx.compose.ui.unit.Dp
                v: CONST Float type=kotlin.Float value=0.0
            shape: COMPOSITE type=androidx.compose.ui.graphics.Shape? origin=DEFAULT_VALUE
              CONST Null type=androidx.compose.ui.graphics.Shape? value=null
            containerColor: COMPOSITE type=androidx.compose.ui.graphics.Color origin=DEFAULT_VALUE
              CALL 'public final fun <unsafe-coerce> <T, R> (v: T of kotlin.jvm.internal.<unsafe-coerce>): R of kotlin.jvm.internal.<unsafe-coerce> declared in kotlin.jvm.internal' type=androidx.compose.ui.graphics.Color origin=null
                <T>: kotlin.Long
                <R>: androidx.compose.ui.graphics.Color
                v: CONST Long type=kotlin.Long value=0
            contentColor: COMPOSITE type=androidx.compose.ui.graphics.Color origin=DEFAULT_VALUE
              CALL 'public final fun <unsafe-coerce> <T, R> (v: T of kotlin.jvm.internal.<unsafe-coerce>): R of kotlin.jvm.internal.<unsafe-coerce> declared in kotlin.jvm.internal' type=androidx.compose.ui.graphics.Color origin=null
                <T>: kotlin.Long
                <R>: androidx.compose.ui.graphics.Color
                v: CONST Long type=kotlin.Long value=0
            tonalElevation: COMPOSITE type=androidx.compose.ui.unit.Dp origin=DEFAULT_VALUE
              CALL 'public final fun <unsafe-coerce> <T, R> (v: T of kotlin.jvm.internal.<unsafe-coerce>): R of kotlin.jvm.internal.<unsafe-coerce> declared in kotlin.jvm.internal' type=androidx.compose.ui.unit.Dp origin=null
                <T>: kotlin.Float
                <R>: androidx.compose.ui.unit.Dp
                v: CONST Float type=kotlin.Float value=0.0
            scrimColor: COMPOSITE type=androidx.compose.ui.graphics.Color origin=DEFAULT_VALUE
              CALL 'public final fun <unsafe-coerce> <T, R> (v: T of kotlin.jvm.internal.<unsafe-coerce>): R of kotlin.jvm.internal.<unsafe-coerce> declared in kotlin.jvm.internal' type=androidx.compose.ui.graphics.Color origin=null
                <T>: kotlin.Long
                <R>: androidx.compose.ui.graphics.Color
                v: CONST Long type=kotlin.Long value=0
            dragHandle: BLOCK type=kotlin.Function0<kotlin.Unit> origin=LAMBDA
              COMPOSITE type=kotlin.Unit origin=null
              CALL 'public final fun <jvm-indy> <T> (dynamicCall: T of kotlin.jvm.internal.<jvm-indy>, bootstrapMethodHandle: kotlin.Any, vararg bootstrapMethodArguments: kotlin.Any): T of kotlin.jvm.internal.<jvm-indy> declared in kotlin.jvm.internal' type=kotlin.Function0<kotlin.Unit> origin=null
                <T>: kotlin.Function0<kotlin.Unit>
                dynamicCall: CALL 'public final fun invoke (): kotlin.Function0<kotlin.Unit> declared in kotlin.jvm.internal.invokeDynamic' type=kotlin.Function0<kotlin.Unit> origin=null
                bootstrapMethodHandle: CALL 'public final fun <jvm-method-handle> (tag: kotlin.Int, owner: kotlin.String, name: kotlin.String, descriptor: kotlin.String, isInterface: kotlin.Boolean): kotlin.Any declared in kotlin.jvm.internal' type=kotlin.Any origin=null
                  tag: CONST Int type=kotlin.Int value=6
                  owner: CONST String type=kotlin.String value="java/lang/invoke/LambdaMetafactory"
                  name: CONST String type=kotlin.String value="metafactory"
                  descriptor: CONST String type=kotlin.String value="(Ljava/lang/invoke/MethodHandles$Lookup;Ljava/lang/String;Ljava/lang/invoke/MethodType;Ljava/lang/invoke/MethodType;Ljava/lang/invoke/MethodHandle;Ljava/lang/invoke/MethodType;)Ljava/lang/invoke/CallSite;"
                  isInterface: CONST Boolean type=kotlin.Boolean value=false
                bootstrapMethodArguments: VARARG type=kotlin.Array<kotlin.Any> varargElementType=kotlin.Any
                  CALL 'public final fun <jvm-original-method-type> (method: kotlin.Any): kotlin.Any declared in kotlin.jvm.internal' type=kotlin.Any origin=null
                    method: RAW_FUNCTION_REFERENCE 'public abstract fun invoke (): R of kotlin.Function0 [operator] declared in kotlin.Function0' type=kotlin.Any
                  RAW_FUNCTION_REFERENCE 'private final fun bottom_sheet_profile$lambda$4 (): kotlin.Unit? declared in com.example.impl.Bottom_sheet_profileKt' type=kotlin.Any
                  CALL 'public final fun <jvm-original-method-type> (method: kotlin.Any): kotlin.Any declared in kotlin.jvm.internal' type=kotlin.Any origin=null
                    method: RAW_FUNCTION_REFERENCE 'public abstract fun invoke (): kotlin.Unit? [fake_override,operator] declared in kotlin.jvm.internal.invokeDynamic.<fake>' type=kotlin.Any
            contentWindowInsets: BLOCK type=kotlin.Function0<androidx.compose.foundation.layout.WindowInsets> origin=LAMBDA
              COMPOSITE type=kotlin.Unit origin=null
              CALL 'public final fun <jvm-indy> <T> (dynamicCall: T of kotlin.jvm.internal.<jvm-indy>, bootstrapMethodHandle: kotlin.Any, vararg bootstrapMethodArguments: kotlin.Any): T of kotlin.jvm.internal.<jvm-indy> declared in kotlin.jvm.internal' type=kotlin.Function0<androidx.compose.foundation.layout.WindowInsets> origin=null
                <T>: kotlin.Function0<androidx.compose.foundation.layout.WindowInsets>
                dynamicCall: CALL 'public final fun invoke (): kotlin.Function0<androidx.compose.foundation.layout.WindowInsets> declared in kotlin.jvm.internal.invokeDynamic' type=kotlin.Function0<androidx.compose.foundation.layout.WindowInsets> origin=null
                bootstrapMethodHandle: CALL 'public final fun <jvm-method-handle> (tag: kotlin.Int, owner: kotlin.String, name: kotlin.String, descriptor: kotlin.String, isInterface: kotlin.Boolean): kotlin.Any declared in kotlin.jvm.internal' type=kotlin.Any origin=null
                  tag: CONST Int type=kotlin.Int value=6
                  owner: CONST String type=kotlin.String value="java/lang/invoke/LambdaMetafactory"
                  name: CONST String type=kotlin.String value="metafactory"
                  descriptor: CONST String type=kotlin.String value="(Ljava/lang/invoke/MethodHandles$Lookup;Ljava/lang/String;Ljava/lang/invoke/MethodType;Ljava/lang/invoke/MethodType;Ljava/lang/invoke/MethodHandle;Ljava/lang/invoke/MethodType;)Ljava/lang/invoke/CallSite;"
                  isInterface: CONST Boolean type=kotlin.Boolean value=false
                bootstrapMethodArguments: VARARG type=kotlin.Array<kotlin.Any> varargElementType=kotlin.Any
                  CALL 'public final fun <jvm-original-method-type> (method: kotlin.Any): kotlin.Any declared in kotlin.jvm.internal' type=kotlin.Any origin=null
                    method: RAW_FUNCTION_REFERENCE 'public abstract fun invoke (): R of kotlin.Function0 [operator] declared in kotlin.Function0' type=kotlin.Any
                  RAW_FUNCTION_REFERENCE 'private final fun bottom_sheet_profile$lambda$5 (): androidx.compose.foundation.layout.WindowInsets declared in com.example.impl.Bottom_sheet_profileKt' type=kotlin.Any
                  CALL 'public final fun <jvm-original-method-type> (method: kotlin.Any): kotlin.Any declared in kotlin.jvm.internal' type=kotlin.Any origin=null
                    method: RAW_FUNCTION_REFERENCE 'public abstract fun invoke (): androidx.compose.foundation.layout.WindowInsets [fake_override,operator] declared in kotlin.jvm.internal.invokeDynamic.<fake>' type=kotlin.Any
            properties: COMPOSITE type=androidx.compose.material3.ModalBottomSheetProperties? origin=DEFAULT_VALUE
              CONST Null type=androidx.compose.material3.ModalBottomSheetProperties? value=null
            content: BLOCK type=@[ExtensionFunctionType] kotlin.Function1<androidx.compose.foundation.layout.ColumnScope, kotlin.Unit> origin=LAMBDA
              COMPOSITE type=kotlin.Unit origin=null
              CALL 'public final fun <jvm-indy> <T> (dynamicCall: T of kotlin.jvm.internal.<jvm-indy>, bootstrapMethodHandle: kotlin.Any, vararg bootstrapMethodArguments: kotlin.Any): T of kotlin.jvm.internal.<jvm-indy> declared in kotlin.jvm.internal' type=@[ExtensionFunctionType] kotlin.Function1<androidx.compose.foundation.layout.ColumnScope, kotlin.Unit> origin=null
                <T>: @[ExtensionFunctionType] kotlin.Function1<androidx.compose.foundation.layout.ColumnScope, kotlin.Unit>
                dynamicCall: CALL 'public final fun invoke (p0: androidx.navigation.NavHostController, p1: androidx.compose.foundation.lazy.LazyListState, p2: androidx.compose.material3.SheetState, p3: androidx.compose.runtime.MutableState<kotlin.Boolean>): @[ExtensionFunctionType] kotlin.Function1<androidx.compose.foundation.layout.ColumnScope, kotlin.Unit> declared in kotlin.jvm.internal.invokeDynamic' type=@[ExtensionFunctionType] kotlin.Function1<androidx.compose.foundation.layout.ColumnScope, kotlin.Unit> origin=null
                  p0: GET_VAR 'mainController: androidx.navigation.NavHostController declared in com.example.impl.Bottom_sheet_profileKt.bottom_sheet_profile' type=androidx.navigation.NavHostController origin=null
                  p1: GET_VAR 'val state: androidx.compose.foundation.lazy.LazyListState [val] declared in com.example.impl.Bottom_sheet_profileKt.bottom_sheet_profile' type=androidx.compose.foundation.lazy.LazyListState origin=null
                  p2: GET_VAR 'val sheetSetting: androidx.compose.material3.SheetState [val] declared in com.example.impl.Bottom_sheet_profileKt.bottom_sheet_profile' type=androidx.compose.material3.SheetState origin=null
                  p3: GET_VAR 'val showSetting$delegate: androidx.compose.runtime.MutableState<kotlin.Boolean> [val] declared in com.example.impl.Bottom_sheet_profileKt.bottom_sheet_profile' type=androidx.compose.runtime.MutableState<kotlin.Boolean> origin=null
                bootstrapMethodHandle: CALL 'public final fun <jvm-method-handle> (tag: kotlin.Int, owner: kotlin.String, name: kotlin.String, descriptor: kotlin.String, isInterface: kotlin.Boolean): kotlin.Any declared in kotlin.jvm.internal' type=kotlin.Any origin=null
                  tag: CONST Int type=kotlin.Int value=6
                  owner: CONST String type=kotlin.String value="java/lang/invoke/LambdaMetafactory"
                  name: CONST String type=kotlin.String value="metafactory"
                  descriptor: CONST String type=kotlin.String value="(Ljava/lang/invoke/MethodHandles$Lookup;Ljava/lang/String;Ljava/lang/invoke/MethodType;Ljava/lang/invoke/MethodType;Ljava/lang/invoke/MethodHandle;Ljava/lang/invoke/MethodType;)Ljava/lang/invoke/CallSite;"
                  isInterface: CONST Boolean type=kotlin.Boolean value=false
                bootstrapMethodArguments: VARARG type=kotlin.Array<kotlin.Any> varargElementType=kotlin.Any
                  CALL 'public final fun <jvm-original-method-type> (method: kotlin.Any): kotlin.Any declared in kotlin.jvm.internal' type=kotlin.Any origin=null
                    method: RAW_FUNCTION_REFERENCE 'public abstract fun invoke (p1: P1 of kotlin.Function1): R of kotlin.Function1 [operator] declared in kotlin.Function1' type=kotlin.Any
                  RAW_FUNCTION_REFERENCE 'private final fun bottom_sheet_profile$lambda$10 ($mainController: androidx.navigation.NavHostController, $state: androidx.compose.foundation.lazy.LazyListState, $sheetSetting: androidx.compose.material3.SheetState, $showSetting$delegate: androidx.compose.runtime.MutableState<kotlin.Boolean>, $this$ModalBottomSheet: androidx.compose.foundation.layout.ColumnScope): kotlin.Unit? declared in com.example.impl.Bottom_sheet_profileKt' type=kotlin.Any
                  CALL 'public final fun <jvm-original-method-type> (method: kotlin.Any): kotlin.Any declared in kotlin.jvm.internal' type=kotlin.Any origin=null
                    method: RAW_FUNCTION_REFERENCE 'public abstract fun invoke (p1: androidx.compose.foundation.layout.ColumnScope): kotlin.Unit? [fake_override,operator] declared in kotlin.jvm.internal.invokeDynamic.<fake>' type=kotlin.Any
            $mask0: CONST Int type=kotlin.Int value=2554
            $handler: CONST Null type=kotlin.Any? value=null

	at org.jetbrains.kotlin.backend.jvm.codegen.FunctionCodegen.generate(FunctionCodegen.kt:47)
	at org.jetbrains.kotlin.backend.jvm.codegen.FunctionCodegen.generate$default(FunctionCodegen.kt:40)
	at org.jetbrains.kotlin.backend.jvm.codegen.ClassCodegen.generateMethodNode(ClassCodegen.kt:406)
	at org.jetbrains.kotlin.backend.jvm.codegen.ClassCodegen.generateMethod(ClassCodegen.kt:423)
	at org.jetbrains.kotlin.backend.jvm.codegen.ClassCodegen.generate(ClassCodegen.kt:168)
	at org.jetbrains.kotlin.backend.jvm.FileCodegen.lower(JvmPhases.kt:39)
	at org.jetbrains.kotlin.backend.common.phaser.PhaseFactoriesKt.createFilePhase$lambda$4(PhaseFactories.kt:71)
	at org.jetbrains.kotlin.backend.common.phaser.PhaseBuildersKt$createSimpleNamedCompilerPhase$1.phaseBody(PhaseBuilders.kt:69)
	at org.jetbrains.kotlin.backend.common.phaser.SimpleNamedCompilerPhase.phaseBody(CompilerPhase.kt:226)
	at org.jetbrains.kotlin.backend.common.phaser.AbstractNamedCompilerPhase.invoke(CompilerPhase.kt:113)
	at org.jetbrains.kotlin.backend.common.phaser.PerformByIrFilePhase.invokeSequential(performByIrFile.kt:62)
	... 44 more
Caused by: org.jetbrains.kotlin.codegen.CompilationException: Back-end (JVM) Internal error: Couldn't inline method call: CALL 'public final fun remember <T> (calculation: @[DisallowComposableCalls] kotlin.Function0<T of androidx.compose.runtime.ComposablesKt.remember>): T of androidx.compose.runtime.ComposablesKt.remember [inline] declared in androidx.compose.runtime.ComposablesKt' type=androidx.compose.runtime.MutableState<kotlin.Boolean> origin=null
Method: null
File is unknown
The root cause java.lang.IllegalStateException was thrown at: org.jetbrains.kotlin.codegen.inline.SourceCompilerForInlineKt.getMethodNode(SourceCompilerForInline.kt:118)
	at org.jetbrains.kotlin.codegen.inline.InlineCodegen.performInline(InlineCodegen.kt:65)
	at org.jetbrains.kotlin.backend.jvm.codegen.IrInlineCodegen.genInlineCall(IrInlineCodegen.kt:163)
	at org.jetbrains.kotlin.backend.jvm.codegen.IrInlineCallGenerator.genCall(IrInlineCallGenerator.kt:36)
	at org.jetbrains.kotlin.backend.jvm.codegen.ExpressionCodegen.visitCall(ExpressionCodegen.kt:653)
	at org.jetbrains.kotlin.backend.jvm.codegen.ExpressionCodegen.visitCall(ExpressionCodegen.kt:138)
	at org.jetbrains.kotlin.ir.expressions.IrCall.accept(IrCall.kt:24)
	at org.jetbrains.kotlin.backend.jvm.codegen.ExpressionCodegen.visitVariable(ExpressionCodegen.kt:790)
	at org.jetbrains.kotlin.backend.jvm.codegen.ExpressionCodegen.visitVariable(ExpressionCodegen.kt:138)
	at org.jetbrains.kotlin.ir.declarations.IrVariable.accept(IrVariable.kt:36)
	at org.jetbrains.kotlin.backend.jvm.codegen.ExpressionCodegen.visitStatementContainer(ExpressionCodegen.kt:579)
	at org.jetbrains.kotlin.backend.jvm.codegen.ExpressionCodegen.visitBlockBody(ExpressionCodegen.kt:584)
	at org.jetbrains.kotlin.backend.jvm.codegen.ExpressionCodegen.visitBlockBody(ExpressionCodegen.kt:138)
	at org.jetbrains.kotlin.ir.expressions.IrBlockBody.accept(IrBlockBody.kt:20)
	at org.jetbrains.kotlin.backend.jvm.codegen.ExpressionCodegen.generate(ExpressionCodegen.kt:240)
	at org.jetbrains.kotlin.backend.jvm.codegen.FunctionCodegen.doGenerate(FunctionCodegen.kt:123)
	at org.jetbrains.kotlin.backend.jvm.codegen.FunctionCodegen.generate(FunctionCodegen.kt:44)
	... 54 more
Caused by: java.lang.IllegalStateException: couldn't find inline method Landroidx/compose/runtime/ComposablesKt;.remember(Lkotlin/jvm/functions/Function0;)Ljava/lang/Object;
	at org.jetbrains.kotlin.codegen.inline.SourceCompilerForInlineKt.getMethodNode(SourceCompilerForInline.kt:118)
	at org.jetbrains.kotlin.codegen.inline.SourceCompilerForInlineKt.loadCompiledInlineFunction(SourceCompilerForInline.kt:96)
	at org.jetbrains.kotlin.backend.jvm.codegen.IrSourceCompilerForInline.compileInlineFunction(IrSourceCompilerForInline.kt:91)
	at org.jetbrains.kotlin.codegen.inline.InlineCodegen.compileInline(InlineCodegen.kt:43)
	at org.jetbrains.kotlin.codegen.inline.InlineCodegen.performInline(InlineCodegen.kt:51)
	... 69 more


